# JRE version: OpenJDK Runtime Environment Microsoft-8035246 (17.0.8+7) (build 17.0.8+7-LTS)
# Java VM: OpenJDK 64-Bit Server VM Microsoft-8035246 (17.0.8+7-LTS, mixed mode, sharing, tiered, compressed oops, compressed class ptrs, g1 gc, windows-amd64)
GC Precious Log:
 CPUs: 4 total, 4 available
 Memory: 16275M
 Large Page Support: Disabled
 NUMA Support: Disabled
 Compressed Oops: Enabled (32-bit)
 Heap Region Size: 1M
 Heap Min Capacity: 8M
 Heap Initial Capacity: 256M
 Heap Max Capacity: 2G
 Pre-touch: Disabled
 Parallel Workers: 4
 Concurrent Workers: 1
 Concurrent Refinement Workers: 4
 Periodic GC: Disabled
Heap:
 garbage-first heap   total 196608K, used 154423K [0x0000000080000000, 0x0000000100000000)
  region size 1024K, 44 young (45056K), 6 survivors (6144K)
 Metaspace       used 92569K, committed 93504K, reserved 557056K
  class space    used 13009K, committed 13440K, reserved 425984K
GC Heap History (20 events):
Event: 26.132 GC heap before
{Heap before GC invocations=23 (full 0):
 garbage-first heap   total 163840K, used 128315K [0x0000000080000000, 0x0000000100000000)
  region size 1024K, 51 young (52224K), 4 survivors (4096K)
 Metaspace       used 69734K, committed 70464K, reserved 491520K
  class space    used 9885K, committed 10240K, reserved 425984K
}
Event: 26.136 GC heap after
{Heap after GC invocations=24 (full 0):
 garbage-first heap   total 163840K, used 81969K [0x0000000080000000, 0x0000000100000000)
  region size 1024K, 5 young (5120K), 5 survivors (5120K)
 Metaspace       used 69734K, committed 70464K, reserved 491520K
  class space    used 9885K, committed 10240K, reserved 425984K
}
Event: 26.508 GC heap before
{Heap before GC invocations=25 (full 0):
 garbage-first heap   total 163840K, used 131121K [0x0000000080000000, 0x0000000100000000)
  region size 1024K, 53 young (54272K), 5 survivors (5120K)
 Metaspace       used 69736K, committed 70464K, reserved 491520K
  class space    used 9886K, committed 10240K, reserved 425984K
}
Event: 26.513 GC heap after
{Heap after GC invocations=26 (full 0):
 garbage-first heap   total 163840K, used 82756K [0x0000000080000000, 0x0000000100000000)
  region size 1024K, 5 young (5120K), 5 survivors (5120K)
 Metaspace       used 69736K, committed 70464K, reserved 491520K
  class space    used 9886K, committed 10240K, reserved 425984K
}
Event: 26.529 GC heap before
{Heap before GC invocations=26 (full 0):
 garbage-first heap   total 163840K, used 84804K [0x0000000080000000, 0x0000000100000000)
  region size 1024K, 8 young (8192K), 5 survivors (5120K)
 Metaspace       used 69736K, committed 70464K, reserved 491520K
  class space    used 9886K, committed 10240K, reserved 425984K
}
Event: 26.533 GC heap after
{Heap after GC invocations=27 (full 0):
 garbage-first heap   total 196608K, used 82112K [0x0000000080000000, 0x0000000100000000)
  region size 1024K, 1 young (1024K), 1 survivors (1024K)
 Metaspace       used 69736K, committed 70464K, reserved 491520K
  class space    used 9886K, committed 10240K, reserved 425984K
}
Event: 27.760 GC heap before
{Heap before GC invocations=27 (full 0):
 garbage-first heap   total 196608K, used 161984K [0x0000000080000000, 0x0000000100000000)
  region size 1024K, 73 young (74752K), 1 survivors (1024K)
 Metaspace       used 74208K, committed 75072K, reserved 491520K
  class space    used 10399K, committed 10816K, reserved 425984K
}
Event: 27.764 GC heap after
{Heap after GC invocations=28 (full 0):
 garbage-first heap   total 196608K, used 97052K [0x0000000080000000, 0x0000000100000000)
  region size 1024K, 10 young (10240K), 10 survivors (10240K)
 Metaspace       used 74208K, committed 75072K, reserved 491520K
  class space    used 10399K, committed 10816K, reserved 425984K
}
Event: 28.498 GC heap before
{Heap before GC invocations=28 (full 0):
 garbage-first heap   total 196608K, used 163612K [0x0000000080000000, 0x0000000100000000)
  region size 1024K, 70 young (71680K), 10 survivors (10240K)
 Metaspace       used 78402K, committed 79232K, reserved 557056K
  class space    used 10927K, committed 11328K, reserved 425984K
}
Event: 28.505 GC heap after
{Heap after GC invocations=29 (full 0):
 garbage-first heap   total 196608K, used 103684K [0x0000000080000000, 0x0000000100000000)
  region size 1024K, 6 young (6144K), 6 survivors (6144K)
 Metaspace       used 78402K, committed 79232K, reserved 557056K
  class space    used 10927K, committed 11328K, reserved 425984K
}
Event: 29.019 GC heap before
{Heap before GC invocations=29 (full 0):
 garbage-first heap   total 196608K, used 160004K [0x0000000080000000, 0x0000000100000000)
  region size 1024K, 61 young (62464K), 6 survivors (6144K)
 Metaspace       used 82212K, committed 83072K, reserved 557056K
  class space    used 11443K, committed 11840K, reserved 425984K
}
Event: 29.024 GC heap after
{Heap after GC invocations=30 (full 0):
 garbage-first heap   total 196608K, used 105976K [0x0000000080000000, 0x0000000100000000)
  region size 1024K, 3 young (3072K), 3 survivors (3072K)
 Metaspace       used 82212K, committed 83072K, reserved 557056K
  class space    used 11443K, committed 11840K, reserved 425984K
}
Event: 29.450 GC heap before
{Heap before GC invocations=30 (full 0):
 garbage-first heap   total 196608K, used 162296K [0x0000000080000000, 0x0000000100000000)
  region size 1024K, 58 young (59392K), 3 survivors (3072K)
 Metaspace       used 83902K, committed 84800K, reserved 557056K
  class space    used 11669K, committed 12096K, reserved 425984K
}
Event: 29.456 GC heap after
{Heap after GC invocations=31 (full 0):
 garbage-first heap   total 196608K, used 109375K [0x0000000080000000, 0x0000000100000000)
  region size 1024K, 6 young (6144K), 6 survivors (6144K)
 Metaspace       used 83902K, committed 84800K, reserved 557056K
  class space    used 11669K, committed 12096K, reserved 425984K
}
Event: 29.969 GC heap before
{Heap before GC invocations=31 (full 0):
 garbage-first heap   total 196608K, used 162623K [0x0000000080000000, 0x0000000100000000)
  region size 1024K, 58 young (59392K), 6 survivors (6144K)
 Metaspace       used 86560K, committed 87488K, reserved 557056K
  class space    used 12027K, committed 12480K, reserved 425984K
}
Event: 29.976 GC heap after
{Heap after GC invocations=32 (full 0):
 garbage-first heap   total 196608K, used 111923K [0x0000000080000000, 0x0000000100000000)
  region size 1024K, 7 young (7168K), 7 survivors (7168K)
 Metaspace       used 86560K, committed 87488K, reserved 557056K
  class space    used 12027K, committed 12480K, reserved 425984K
}
Event: 30.561 GC heap before
{Heap before GC invocations=32 (full 0):
 garbage-first heap   total 196608K, used 163123K [0x0000000080000000, 0x0000000100000000)
  region size 1024K, 57 young (58368K), 7 survivors (7168K)
 Metaspace       used 89887K, committed 90752K, reserved 557056K
  class space    used 12660K, committed 13056K, reserved 425984K
}
Event: 30.568 GC heap after
{Heap after GC invocations=33 (full 0):
 garbage-first heap   total 196608K, used 113444K [0x0000000080000000, 0x0000000100000000)
  region size 1024K, 4 young (4096K), 4 survivors (4096K)
 Metaspace       used 89887K, committed 90752K, reserved 557056K
  class space    used 12660K, committed 13056K, reserved 425984K
}
Event: 31.174 GC heap before
{Heap before GC invocations=33 (full 0):
 garbage-first heap   total 196608K, used 165668K [0x0000000080000000, 0x0000000100000000)
  region size 1024K, 55 young (56320K), 4 survivors (4096K)
 Metaspace       used 92453K, committed 93376K, reserved 557056K
  class space    used 13007K, committed 13440K, reserved 425984K
}
Event: 31.181 GC heap after
{Heap after GC invocations=34 (full 0):
 garbage-first heap   total 196608K, used 117559K [0x0000000080000000, 0x0000000100000000)
  region size 1024K, 6 young (6144K), 6 survivors (6144K)
 Metaspace       used 92453K, committed 93376K, reserved 557056K
  class space    used 13007K, committed 13440K, reserved 425984K
}

